Build started 9/11/2014 2:09:18 PM.
     1>Project "C:\course\CIS565\Project-0\PROJ0_WIN\CIS565_PROJ_0\CIS565_PROJ_0\CIS565_PROJ_0.vcxproj" on node 2 (build target(s)).
     1>InitializeBuildStatus:
         Creating "Release\CIS565_PROJ_0.unsuccessfulbuild" because "AlwaysCreate" was specified.
       AddCudaCompileDeps:
       Skipping target "AddCudaCompileDeps" because all output files are up-to-date with respect to the input files.
       AddCudaCompilePropsDeps:
       Skipping target "AddCudaCompilePropsDeps" because all output files are up-to-date with respect to the input files.
       CudaBuild:
       Skipping target "CudaBuild" because all output files are up-to-date with respect to the input files.
       ClCompile:
         c:\Program Files (x86)\Microsoft Visual Studio 10.0\VC\bin\CL.exe /c /I"C:\course\CIS565\Project-0\PROJ0_WIN\CIS565_PROJ_0\/../../external/include/" /I"C:\Program Files\NVIDIA GPU Computing Toolkit\CUDA\v6.5\include" /Zi /nologo /W3 /WX- /O2 /Oi /Oy- /GL /D _MBCS /D _CRT_SECURE_NO_WARNINGS /D _MBCS /Gm- /EHsc /MT /GS /Gy /fp:precise /Zc:wchar_t /Zc:forScope /Fo"Release\\" /Fd"Release\vc100.pdb" /Gd /TP /analyze- /errorReport:prompt ..\..\..\src\main.cpp
         main.cpp
       Link:
         c:\Program Files (x86)\Microsoft Visual Studio 10.0\VC\bin\link.exe /ERRORREPORT:PROMPT /OUT:"C:\course\CIS565\Project-0\PROJ0_WIN\CIS565_PROJ_0\Release\CIS565_PROJ_0.exe" /NOLOGO /LIBPATH:"C:\course\CIS565\Project-0\PROJ0_WIN\CIS565_PROJ_0\/../../external/lib/win/" /LIBPATH:"C:\Program Files\NVIDIA GPU Computing Toolkit\CUDA\v6.5\lib\Win32" cudart.lib opengl32.lib freeglut.lib glut32.lib glew32s.lib kernel32.lib user32.lib gdi32.lib winspool.lib comdlg32.lib advapi32.lib shell32.lib ole32.lib oleaut32.lib uuid.lib odbc32.lib odbccp32.lib /MANIFEST /ManifestFile:"Release\CIS565_PROJ_0.exe.intermediate.manifest" /MANIFESTUAC:"level='asInvoker' uiAccess='false'" /DEBUG /PDB:"C:\course\CIS565\Project-0\PROJ0_WIN\CIS565_PROJ_0\Release\CIS565_PROJ_0.pdb" /OPT:REF /OPT:ICF /LTCG /TLBID:1 /DYNAMICBASE /NXCOMPAT /IMPLIB:"C:\course\CIS565\Project-0\PROJ0_WIN\CIS565_PROJ_0\Release\CIS565_PROJ_0.lib" /MACHINE:X86 Release\kernel.cu.obj
         Release\glslUtility.obj
         Release\main.obj
         Generating code
         Finished generating code
     1>main.obj : warning LNK4049: locally defined symbol ___glewActiveTexture imported
     1>main.obj : warning LNK4049: locally defined symbol _glewInit@0 imported
     1>main.obj : warning LNK4049: locally defined symbol _glewExperimental imported
     1>main.obj : warning LNK4049: locally defined symbol ___glewBufferData imported
     1>main.obj : warning LNK4049: locally defined symbol ___glewGenBuffers imported
     1>main.obj : warning LNK4049: locally defined symbol ___glewEnableVertexAttribArray imported
     1>main.obj : warning LNK4049: locally defined symbol ___glewVertexAttribPointer imported
     1>main.obj : warning LNK4049: locally defined symbol ___glewGetUniformLocation imported
     1>main.obj : warning LNK4049: locally defined symbol ___glewUniform1i imported
     1>main.obj : warning LNK4049: locally defined symbol ___glewUseProgram imported
     1>main.obj : warning LNK4049: locally defined symbol ___glewBindBuffer imported
     1>main.obj : warning LNK4049: locally defined symbol ___glewDeleteBuffers imported
     1>glew32s.lib(glew.obj) : warning LNK4099: PDB 'vc100.pdb' was not found with 'glew32s.lib(glew.obj)' or at 'C:\course\CIS565\Project-0\PROJ0_WIN\CIS565_PROJ_0\Release\vc100.pdb'; linking object as if no debug info
         CIS565_PROJ_0.vcxproj -> C:\course\CIS565\Project-0\PROJ0_WIN\CIS565_PROJ_0\Release\CIS565_PROJ_0.exe
       Manifest:
         C:\Program Files (x86)\Microsoft SDKs\Windows\v7.0A\bin\mt.exe /nologo /verbose /outputresource:"C:\course\CIS565\Project-0\PROJ0_WIN\CIS565_PROJ_0\Release\CIS565_PROJ_0.exe;#1" /manifest Release\CIS565_PROJ_0.exe.intermediate.manifest
       FinalizeBuildStatus:
         Deleting file "Release\CIS565_PROJ_0.unsuccessfulbuild".
         Touching "Release\CIS565_PROJ_0.lastbuildstate".
     1>Done Building Project "C:\course\CIS565\Project-0\PROJ0_WIN\CIS565_PROJ_0\CIS565_PROJ_0\CIS565_PROJ_0.vcxproj" (build target(s)).

Build succeeded.

Time Elapsed 00:00:01.29
